Log file open, 06/04/15 21:06:23
LogInit:Display: Running engine for game: SaartjeCodde_GameLS
LogInit: Version: 4.7.6-2513093+++depot+UE4-Releases+4.7
LogInit: API Version: 2455222
LogInit: Compiled (64-bit): Apr 15 2015 12:09:54
LogInit: Compiled with Visual C++: 18.00.21005.01
LogInit: Build Configuration: Development
LogInit: Branch Name: ++depot+UE4-Releases+4.7
LogInit: Command line:  
LogInit: Base directory: D:/Program Files/UE4/Epic Games/4.7/Engine/Binaries/Win64/
LogInit: Rocket: 1
[2015.06.04-19.06.23:102][  0]LogTaskGraph: Started task graph with 3 named threads and 6 total threads.
[2015.06.04-19.06.23:153][  0]LogOnline:Warning: No default platform service specified for OnlineSubsystem
[2015.06.04-19.06.23:162][  0]LogInit: Presizing for 0 objects not considered by GC, pre-allocating 0 bytes.
[2015.06.04-19.06.23:170][  0]LogInit: Object subsystem initialized
[2015.06.04-19.06.23:172][  0]LogConsoleResponse:Warning: Skipping Unknown console variable: 'TranslucentSortAxis = (X=0.000000,Y=-1.000000,Z=0.000000)'
[2015.06.04-19.06.23:172][  0]LogConsoleResponse:Warning:   Found in ini file 'D:/Digital Arts & Entertainment/Level Scripting/SaartjeCodde_LevelScripting_Exam/SaartjeCodde_GameLS/Saved/Config/Windows/Engine.ini', in section '[/Script/Engine.RendererSettings]'
[2015.06.04-19.06.23:172][  0]LogConsoleResponse:Warning: Skipping Unknown console variable: 'UIScaleRule = ShortestSide'
[2015.06.04-19.06.23:172][  0]LogConsoleResponse:Warning:   Found in ini file 'D:/Digital Arts & Entertainment/Level Scripting/SaartjeCodde_LevelScripting_Exam/SaartjeCodde_GameLS/Saved/Config/Windows/Engine.ini', in section '[/Script/Engine.RendererSettings]'
[2015.06.04-19.06.23:172][  0]LogConsoleResponse:Warning: Skipping Unknown console variable: 'UIScaleCurve = (EditorCurveData=(Keys=),ExternalCurve=None)'
[2015.06.04-19.06.23:172][  0]LogConsoleResponse:Warning:   Found in ini file 'D:/Digital Arts & Entertainment/Level Scripting/SaartjeCodde_LevelScripting_Exam/SaartjeCodde_GameLS/Saved/Config/Windows/Engine.ini', in section '[/Script/Engine.RendererSettings]'
[2015.06.04-19.06.23:172][  0]LogInit: Selected Device Profile: [Windows]
[2015.06.04-19.06.23:172][  0]LogInit: Applying CVar settings loaded from the selected device profile: [Windows]
[2015.06.04-19.06.23:178][  0]LogInit: Computer: SAARTJE
[2015.06.04-19.06.23:178][  0]LogInit: User: SaartjeCodde
[2015.06.04-19.06.23:178][  0]LogInit: CPU Page size=4096, Cores=4
[2015.06.04-19.06.23:178][  0]LogInit: High frequency timer resolution =2.435776 MHz
[2015.06.04-19.06.23:178][  0]LogMemory: Memory total: Physical=16.0GB (16GB approx) Virtual=131072.0GB
[2015.06.04-19.06.23:178][  0]LogMemory: Platform Memory Stats for Windows
[2015.06.04-19.06.23:178][  0]LogMemory: Process Physical Memory: 47.10 MB used, 47.10 MB peak
[2015.06.04-19.06.23:178][  0]LogMemory: Process Virtual Memory: 23.59 MB used, 23.59 MB peak
[2015.06.04-19.06.23:178][  0]LogMemory: Physical Memory: 3043.38 MB used, 16336.84 MB total
[2015.06.04-19.06.23:178][  0]LogMemory: Virtual Memory: 286.08 MB used, 134217728.00 MB total
[2015.06.04-19.06.23:205][  0]LogD3D11RHI: Found D3D11 adapter 0: NVIDIA GeForce GTX 980M (Feature Level 11_0)
[2015.06.04-19.06.23:205][  0]LogD3D11RHI: Adapter has 8061MB of dedicated video memory, 0MB of dedicated system memory, and 8168MB of shared system memory, 1 output[s]
[2015.06.04-19.06.23:206][  0]LogD3D11RHI: Found D3D11 adapter 1: Microsoft Basic Render Driver (Feature Level 11_0)
[2015.06.04-19.06.23:206][  0]LogD3D11RHI: Adapter has 0MB of dedicated video memory, 0MB of dedicated system memory, and 256MB of shared system memory, 0 output[s]
[2015.06.04-19.06.23:206][  0]LogD3D11RHI: Chosen D3D11 Adapter Id = 0
[2015.06.04-19.06.23:209][  0]LogRHI: Texture pool is 1361 MB (70% of 1945 MB)
[2015.06.04-19.06.23:219][  0]LogD3D11RHI: Async texture creation enabled
[2015.06.04-19.06.23:276][  0]LogTextLocalizationManager: The requested culture ('en_GB') has no localization data; parent culture's ('en') localization data will be used.
[2015.06.04-19.06.23:326][  0]LogTextLocalizationManager:Warning: Loading localization resources contain conflicting entries for (Namespace:UICommands, Key:Save_ToolTip):
Resource: (D:/Program Files/UE4/Epic Games/4.7/Engine/Content/Localization/Editor/en/Editor.locres) Hash: (-29098895) String: (Saves the current level to disk)
Resource: (D:/Program Files/UE4/Epic Games/4.7/Engine/Content/Localization/Engine/en/Engine.locres) Hash: (-1280300587) String: (Save selected data to vlog file)
[2015.06.04-19.06.23:326][  0]LogTextLocalizationManager:Warning: Loading localization resources contain conflicting entries for (Namespace:ContentBrowser, Key:ImportAssetToolTip):
Resource: (D:/Program Files/UE4/Epic Games/4.7/Engine/Content/Localization/Editor/en/Editor.locres) Hash: (-630476809) String: (Import to {0}...)
Resource: (D:/Program Files/UE4/Epic Games/4.7/Engine/Content/Localization/Editor/en/Editor.locres) Hash: (1271782899) String: (Imports an asset from file to this folder.)
[2015.06.04-19.06.23:397][  0]LogContentStreaming: Texture pool size is 0.000000MB
[2015.06.04-19.06.25:322][  0]LogTargetPlatformManager:Display: Building Assets For Windows
[2015.06.04-19.06.25:719][  0]LogTargetPlatformManager:Display: Building Assets For Windows
[2015.06.04-19.06.25:763][  0]LogDerivedDataCache:Display: Max Cache Size: 512 MB
[2015.06.04-19.06.25:799][  0]LogDerivedDataCache: Loaded boot cache 0.04s 44MB C:/Users/Saartje Codde/AppData/Local/UnrealEngine/4.7/DerivedDataCache/Boot.ddc.
[2015.06.04-19.06.25:799][  0]LogDerivedDataCache:Display: Loaded Boot cache: C:/Users/Saartje Codde/AppData/Local/UnrealEngine/4.7/DerivedDataCache/Boot.ddc
[2015.06.04-19.06.25:799][  0]LogDerivedDataCache: FDerivedDataBackendGraph:  Pak pak cache file ../../../../../../../Digital Arts & Entertainment/Level Scripting/SaartjeCodde_LevelScripting_Exam/SaartjeCodde_GameLS/DerivedDataCache/DDC.ddp not found, will not use a pak cache.
[2015.06.04-19.06.25:799][  0]LogDerivedDataCache: Unable to find inner node Pak for hierarchical cache Hierarchy.
[2015.06.04-19.06.25:904][  0]LogDerivedDataCache:Display: Pak cache opened for reading ../../../Engine/DerivedDataCache/Compressed.ddp.
[2015.06.04-19.06.25:916][  0]LogDerivedDataCache: Using Local data cache path C:/Users/Saartje Codde/AppData/Local/UnrealEngine/Common/DerivedDataCache: Writable
[2015.06.04-19.06.26:142][  0]LogMeshUtilities: No automatic mesh reduction module available
[2015.06.04-19.06.26:142][  0]LogMeshUtilities: No automatic mesh merging module available
[2015.06.04-19.06.26:426][  0]LogInit: WinSock: version 1.1 (2.2), MaxSocks=32767, MaxUdp=65467
[2015.06.04-19.06.26:478][  0]LogSlate:Warning: Failed to load font data from '../../../Engine/Content/Slate/Fonts/Roboto-Italic.ttf'
[2015.06.04-19.06.27:094][  0]UdpMessaging: Initializing bridge on interface 0.0.0.0:0 to multicast group 230.0.0.1:6666.
[2015.06.04-19.06.27:243][  0]SourceControl: Info Source control is disabled
[2015.06.04-19.06.27:243][  0]SourceControl: Info Source control is disabled
[2015.06.04-19.06.27:243][  0]SourceControl: Info Source control is disabled
[2015.06.04-19.06.27:243][  0]LogSourceControl: RunCommandInternalRaw: 'git version'
[2015.06.04-19.06.27:243][  0]LogSourceControl: RunCommandInternalRaw: ExecProcess ReturnCode=2 OutResults=''
[2015.06.04-19.06.27:249][  0]SourceControl: Info Source control is disabled
[2015.06.04-19.06.27:375][  0]LogObj: 24232 objects as part of root set at end of initial load.
[2015.06.04-19.06.27:375][  0]LogUObjectAllocator: 5137168 out of 0 bytes used by permanent object pool.
[2015.06.04-19.06.27:442][  0]LogEngine: Initializing Engine...
[2015.06.04-19.06.29:576][  0]LogInit: XAudio2 using 'Speakers (Skullcandy Slayer)' : 2 channels at 44.1 kHz using 16 bits per sample (channel mask 0x3)
[2015.06.04-19.06.29:582][  0]LogInit: FAudioDevice initialized.
[2015.06.04-19.06.29:606][  0]LogAIModule: Creating AISystem for world NewWorld
[2015.06.04-19.06.29:624][  0]LogDerivedDataCache: Saved boot cache 0.02s 39MB C:/Users/Saartje Codde/AppData/Local/UnrealEngine/4.7/DerivedDataCache/Boot.ddc.
[2015.06.04-19.06.29:628][  0]LogInit: Texture streaming: Enabled
[2015.06.04-19.06.29:695][  0]LogAnalytics: Creating configured Analytics provider AnalyticsET
[2015.06.04-19.06.29:695][  0]LogAnalytics: ET APIKey = Rocket.Release. APIServer = http://et2.epicgames.com/ET2/. AppVersion = 4.7.6-2513093+++depot+UE4-Releases+4.7
[2015.06.04-19.06.29:695][  0]LogAnalytics: ET APIKey = Rocket.Release. DataRouterUploadURL = https://datarouter-public-service-gamedev.ol.epicgames.net/datarouter/api/v1/public/data. AppVersion = 4.7.6-2513093+++depot+UE4-Releases+4.7
[2015.06.04-19.06.29:695][  0]LogAnalytics: SetUserId 64b4f7854efc0fa05d0ccd926b9e81a5|e657d45e6fd2409390bb2dce9d5c3c9a|24b7716f-4d69-4a7c-b485-48c04479e5a9
[2015.06.04-19.06.29:695][  0]LogAnalytics: AnalyticsET::StartSession [Rocket.Release]
[2015.06.04-19.06.29:713][  0]LogInit: Transaction tracking system initialized
[2015.06.04-19.06.29:824][  0]BlueprintLog: New page: Editor Load
[2015.06.04-19.06.29:850][  0]LogAssetRegistry: FAssetRegistry took 0.0104 seconds to start up
[2015.06.04-19.06.29:850][  0]LogDirectoryWatcher:Warning: Failed to begin reading directory changes for ../../../Engine/Plugins/Experimental/CharacterAI/Content/. Error: 0
[2015.06.04-19.06.30:290][  0]LogTargetPlatformManager:Display: Building Assets For Windows
[2015.06.04-19.06.30:607][  0]LogTargetPlatformManager:Display: Building Assets For Windows
[2015.06.04-19.06.30:781][  0]LogSlate:Warning: Failed to load font data from '../../../Engine/Content/Editor/Slate/Fonts/Roboto-Regular.ttf'
[2015.06.04-19.06.30:782][  0]LogSlate:Warning: Failed to load font data from '../../../Engine/Content/Editor/Slate/Fonts/Roboto-Bold.ttf'
[2015.06.04-19.06.30:786][  0]LogConsoleResponse:Display: 
[2015.06.04-19.06.30:885][  0]LogCook:Display: Done creating registry. It took  0.00s.
[2015.06.04-19.06.30:981][  0]SourceControl: Info Source control is disabled
[2015.06.04-19.06.30:981][  0]Cmd: MAP LOAD FILE="../../../Engine/Content/Maps/Templates/Template_Default.umap" TEMPLATE=1 SHOWPROGRESS=1 FEATURELEVEL=3
[2015.06.04-19.06.30:982][  0]LightingResults: New page: Lighting Build
[2015.06.04-19.06.30:990][  0]MapCheck: New page: Map Check
[2015.06.04-19.06.30:990][  0]LightingResults: New page: Lighting Build
[2015.06.04-19.06.30:997][  0]LogParticles: Destroying 0 GPU particle simulations for FXSystem 0x0000000FF9C40C20
[2015.06.04-19.06.31:493][  0]LogEditorServer: Finished looking for orphan Actors (0.000 secs)
[2015.06.04-19.06.31:496][  0]LogAIModule: Creating AISystem for world Untitled_1
[2015.06.04-19.06.31:497][  0]Cmd: MAP CHECKDEP
[2015.06.04-19.06.31:497][  0]MapCheck: New page: Untitled_1 - 4 Jun 2015 23:06:31
[2015.06.04-19.06.31:553][  0]MapCheck: Info Map check complete: 0 Error(s), 0 Warning(s), took 56.481ms to complete.
[2015.06.04-19.06.31:553][  0]LogFileHelpers: Loading map 'Template_Default' took 0.573
[2015.06.04-19.06.31:668][  0]LogCollectionManager: Loaded 0 collections in 0.001008 seconds
[2015.06.04-19.06.31:675][  0]LogContentBrowser: Native class hierarchy populated in 0.0077 seconds. Added 1696 classes and 261 folders.
[2015.06.04-19.06.31:697][  0]LogContentBrowser: Native class hierarchy updated for 'SceneOutliner' in 0.0014 seconds. Added 1 classes and 2 folders.
[2015.06.04-19.06.31:753][  0]LogCrashTracker: Crashtracker disabled due to settings.
[2015.06.04-19.06.31:754][  0]LogSlate:Warning: Failed to load font data from 'Veranda'
[2015.06.04-19.06.31:760][  0]LogUObjectGlobals:Warning: Failed to find object 'Class None.'
[2015.06.04-19.06.31:785][  0]LogLoad: Full Startup: 10.35 seconds (BP compile: 0.07 seconds)
[2015.06.04-19.06.31:819][  0]LogContentBrowser:Verbose: The content browser source was changed by the sources view to '/Game/Blueprints/Assets'
[2015.06.04-19.06.31:973][  0]LogRenderer:Warning: Reallocating scene render targets to support 1336x632 (Frame:2).
[2015.06.04-19.06.32:151][  4]LogAssetRegistry: Asset discovery search completed in 2.3116 seconds
[2015.06.04-19.06.45:476][675]LightingResults: New page: Lighting Build
[2015.06.04-19.06.45:509][675]LoadErrors: New page: Loading map: StartMenu.umap
[2015.06.04-19.06.45:509][675]MapCheck: New page: Map Check
[2015.06.04-19.06.45:509][675]LightingResults: New page: Lighting Build
[2015.06.04-19.06.45:516][675]LogParticles: Destroying 0 GPU particle simulations for FXSystem 0x0000000FF421B380
[2015.06.04-19.06.46:300][675]LogEditorServer: Finished looking for orphan Actors (0.000 secs)
[2015.06.04-19.06.46:319][675]LogAIModule: Creating AISystem for world StartMenu
[2015.06.04-19.06.46:395][675]Cmd: MAP CHECKDEP
[2015.06.04-19.06.46:395][675]MapCheck: New page: StartMenu - 4 Jun 2015 23:06:46
[2015.06.04-19.06.46:468][675]MapCheck: Info Map check complete: 0 Error(s), 0 Warning(s), took 72.735ms to complete.
[2015.06.04-19.06.46:468][675]LogFileHelpers: Loading map 'StartMenu' took 1.040
[2015.06.04-19.06.47:973][761]BlueprintLog: New page: Pre-PIE auto-recompile
[2015.06.04-19.06.47:973][761]LogPlayLevel: [PIE] Compiling StartMenu before PIE...
[2015.06.04-19.06.48:026][761]LogPlayLevel: PIE:  Blueprint regeneration took 53 ms (1 blueprints)
[2015.06.04-19.06.48:026][761]PIE: New page: PIE session: StartMenu (4 Jun 2015 23:06:48)
[2015.06.04-19.06.48:035][761]LogPlayLevel: PIE: StaticDuplicateObject took: (0.007770s)
[2015.06.04-19.06.48:036][761]LogPlayLevel: PIE: World Init took: (0.001339s)
[2015.06.04-19.06.48:036][761]LogPlayLevel: PIE: Created PIE world by copying editor world from /Game/Maps/StartMenu.StartMenu to /Game/Maps/UEDPIE_0_StartMenu.StartMenu (0.009256s)
[2015.06.04-19.06.48:082][761]LogWorld: Game class is 'MenuMode_C'
[2015.06.04-19.06.48:084][761]LogAIModule: Creating AISystem for world StartMenu
[2015.06.04-19.06.48:089][761]LogWorld: Bringing World /Game/Maps/UEDPIE_0_StartMenu.StartMenu up for play (max tick rate 60) at 2015.06.04-21.06.48
[2015.06.04-19.06.48:090][761]LogWorld: Bringing up level for play took: 0.005477
[2015.06.04-19.06.48:105][761]PIE: Info Play in editor start time for /Game/Maps/UEDPIE_0_StartMenu 0.469
[2015.06.04-19.06.48:124][761]LogRenderer:Warning: Reallocating scene render targets to support 1336x760 (Frame:705).
[2015.06.04-19.06.50:411][894]LogPackageName: SearchForPackageOnDisk took   0.048s to resolve Level_01.umap
[2015.06.04-19.06.50:464][895]LogPackageName: SearchForPackageOnDisk took   0.046s to resolve Level_01.umap
[2015.06.04-19.06.50:464][895]LogNet: Browse: /Game/Maps/Level_01
[2015.06.04-19.06.50:464][895]LogLoad: LoadMap: /Game/Maps/Level_01
[2015.06.04-19.06.50:478][895]LogParticles: Destroying 0 GPU particle simulations for FXSystem 0x0000000FF2AED760
[2015.06.04-19.06.50:478][895]Cmd: MEM
[2015.06.04-19.06.50:488][895]LogMemory: Platform Memory Stats for Windows
[2015.06.04-19.06.50:488][895]LogMemory: Process Physical Memory: 438.14 MB used, 455.37 MB peak
[2015.06.04-19.06.50:488][895]LogMemory: Process Virtual Memory: 812.17 MB used, 990.14 MB peak
[2015.06.04-19.06.50:488][895]LogMemory: Physical Memory: 3327.29 MB used, 16336.84 MB total
[2015.06.04-19.06.50:488][895]LogMemory: Virtual Memory: 1388.43 MB used, 134217728.00 MB total
[2015.06.04-19.06.50:488][895]LogMemory: 
[2015.06.04-19.06.50:488][895]Allocator Stats for TBB: (not implemented)
[2015.06.04-19.06.53:568][895]LogWorld: Game class is 'KnightSideScrollerMode_C'
[2015.06.04-19.06.53:570][895]LogAIModule: Creating AISystem for world Level_01
[2015.06.04-19.06.53:628][895]LogWorld: Bringing World /Game/Maps/UEDPIE_0_Level_01.Level_01 up for play (max tick rate 60) at 2015.06.04-21.06.53
[2015.06.04-19.06.53:630][895]LogWorld: Bringing up level for play took: 0.059984
[2015.06.04-19.06.53:637][895]LogAudio:Warning: Detected orphaned looping sound 'Ambient02'.
[2015.06.04-19.07.08:218][764]LogActorComponent: UnregisterComponent: (/Engine/Transient.RotatingMovementComponent_2) Not registered. Aborting.
[2015.06.04-19.07.08:218][764]LogActorComponent: UnregisterComponent: (/Engine/Transient.RotatingMovementComponent_6) Not registered. Aborting.
[2015.06.04-19.07.08:218][764]LogActorComponent: UnregisterComponent: (/Engine/Transient.RotatingMovementComponent_1) Not registered. Aborting.
[2015.06.04-19.07.08:245][764]LogParticles: Destroying 0 GPU particle simulations for FXSystem 0x0000000F9101EE80
[2015.06.04-19.07.10:213][846]Cmd: QUIT_EDITOR
[2015.06.04-19.07.10:420][846]LogExit: Preparing to exit.
[2015.06.04-19.07.11:232][846]LogExit: Editor shut down
[2015.06.04-19.07.11:232][846]LogExit: Transaction tracking system shut down
[2015.06.04-19.07.11:232][846]LogParticles: Destroying 0 GPU particle simulations for FXSystem 0x0000000F8A7C98A0
[2015.06.04-19.07.11:233][846]LogParticles: Destroying 0 GPU particle simulations for FXSystem 0x0000000F9FF4C9A0
[2015.06.04-19.07.11:233][846]LogParticles: Destroying 0 GPU particle simulations for FXSystem 0x0000000F8AACA520
[2015.06.04-19.07.11:277][846]LogExit: Object subsystem successfully closed.
[2015.06.04-19.07.11:319][846]LogModuleManager: Shutting down and abandoning module CrashTracker (177)
[2015.06.04-19.07.11:319][846]LogModuleManager: Shutting down and abandoning module SuperSearch (176)
[2015.06.04-19.07.11:319][846]LogModuleManager: Shutting down and abandoning module SceneOutliner (175)
[2015.06.04-19.07.11:319][846]LogModuleManager: Shutting down and abandoning module EditorWidgets (174)
[2015.06.04-19.07.11:319][846]LogModuleManager: Shutting down and abandoning module CollectionManager (173)
[2015.06.04-19.07.11:319][846]LogModuleManager: Shutting down and abandoning module StatsViewer (172)
[2015.06.04-19.07.11:319][846]LogModuleManager: Shutting down and abandoning module FoliageEdit (171)
[2015.06.04-19.07.11:319][846]LogModuleManager: Shutting down and abandoning module LandscapeEditor (170)
[2015.06.04-19.07.11:319][846]LogModuleManager: Shutting down and abandoning module MeshPaint (169)
[2015.06.04-19.07.11:319][846]LogModuleManager: Shutting down and abandoning module ActorPickerMode (168)
[2015.06.04-19.07.11:319][846]LogModuleManager: Shutting down and abandoning module GeometryMode (167)
[2015.06.04-19.07.11:319][846]LogModuleManager: Shutting down and abandoning module TextureAlignMode (166)
[2015.06.04-19.07.11:319][846]LogModuleManager: Shutting down and abandoning module BspMode (165)
[2015.06.04-19.07.11:319][846]LogModuleManager: Shutting down and abandoning module PlacementMode (164)
[2015.06.04-19.07.11:319][846]LogModuleManager: Shutting down and abandoning module AutomationWorker (163)
[2015.06.04-19.07.11:319][846]LogModuleManager: Shutting down and abandoning module CharacterAI (162)
[2015.06.04-19.07.11:319][846]LogModuleManager: Shutting down and abandoning module SmartSnapping (161)
[2015.06.04-19.07.11:319][846]LogModuleManager: Shutting down and abandoning module ViewportSnapping (160)
[2015.06.04-19.07.11:319][846]LogModuleManager: Shutting down and abandoning module LogVisualizer (159)
[2015.06.04-19.07.11:319][846]LogModuleManager: Shutting down and abandoning module GameProjectGeneration (158)
[2015.06.04-19.07.11:319][846]LogModuleManager: Shutting down and abandoning module IntroTutorials (157)
[2015.06.04-19.07.11:319][846]LogModuleManager: Shutting down and abandoning module EditorLiveStreaming (156)
[2015.06.04-19.07.11:319][846]LogModuleManager: Shutting down and abandoning module HardwareTargeting (155)
[2015.06.04-19.07.11:319][846]LogModuleManager: Shutting down and abandoning module DeviceProfileEditor (154)
[2015.06.04-19.07.11:319][846]LogModuleManager: Shutting down and abandoning module UndoHistory (153)
[2015.06.04-19.07.11:319][846]LogModuleManager: Shutting down and abandoning module GameplayTagsEditor (152)
[2015.06.04-19.07.11:319][846]LogModuleManager: Shutting down and abandoning module UserFeedback (151)
[2015.06.04-19.07.11:319][846]LogModuleManager: Shutting down and abandoning module XmlParser (150)
[2015.06.04-19.07.11:319][846]LogModuleManager: Shutting down and abandoning module Blutility (149)
[2015.06.04-19.07.11:319][846]LogModuleManager: Shutting down and abandoning module IOSPlatformEditor (148)
[2015.06.04-19.07.11:319][846]LogModuleManager: Shutting down and abandoning module IOSRuntimeSettings (147)
[2015.06.04-19.07.11:319][846]LogModuleManager: Shutting down and abandoning module AndroidDeviceDetection (146)
[2015.06.04-19.07.11:682][846]LogModuleManager: Shutting down and abandoning module AndroidPlatformEditor (145)
[2015.06.04-19.07.11:682][846]LogModuleManager: Shutting down and abandoning module AndroidRuntimeSettings (144)
[2015.06.04-19.07.11:682][846]LogModuleManager: Shutting down and abandoning module ProjectTargetPlatformEditor (143)
[2015.06.04-19.07.11:682][846]LogModuleManager: Shutting down and abandoning module ProjectSettingsViewer (142)
[2015.06.04-19.07.11:682][846]LogModuleManager: Shutting down and abandoning module InputBindingEditor (141)
[2015.06.04-19.07.11:682][846]LogModuleManager: Shutting down and abandoning module EditorSettingsViewer (140)
[2015.06.04-19.07.11:682][846]LogModuleManager: Shutting down and abandoning module SettingsEditor (139)
[2015.06.04-19.07.11:682][846]LogModuleManager: Shutting down and abandoning module ProjectLauncher (138)
[2015.06.04-19.07.11:682][846]LogModuleManager: Shutting down and abandoning module SessionFrontend (137)
[2015.06.04-19.07.11:682][846]LogModuleManager: Shutting down and abandoning module ProfilerClient (136)
[2015.06.04-19.07.11:682][846]LogModuleManager: Shutting down and abandoning module TargetDeviceServices (135)
[2015.06.04-19.07.11:682][846]LogModuleManager: Shutting down and abandoning module DeviceManager (134)
[2015.06.04-19.07.11:682][846]LogModuleManager: Shutting down and abandoning module AutomationController (133)
[2015.06.04-19.07.11:682][846]LogModuleManager: Shutting down and abandoning module AutomationWindow (132)
[2015.06.04-19.07.11:682][846]LogModuleManager: Shutting down and abandoning module Layers (131)
[2015.06.04-19.07.11:682][846]LogModuleManager: Shutting down and abandoning module ComponentVisualizers (130)
[2015.06.04-19.07.11:682][846]LogModuleManager: Shutting down and abandoning module DetailCustomizations (129)
[2015.06.04-19.07.11:683][846]LogModuleManager: Shutting down and abandoning module PackagesDialog (128)
[2015.06.04-19.07.11:683][846]LogModuleManager: Shutting down and abandoning module AssetRegistry (127)
[2015.06.04-19.07.11:704][846]LogModuleManager: Shutting down and abandoning module Persona (126)
[2015.06.04-19.07.11:704][846]LogModuleManager: Shutting down and abandoning module SlateReflector (125)
[2015.06.04-19.07.11:704][846]LogModuleManager: Shutting down and abandoning module LevelEditor (124)
[2015.06.04-19.07.11:705][846]LogModuleManager: Shutting down and abandoning module Kismet (123)
[2015.06.04-19.07.11:705][846]LogModuleManager: Shutting down and abandoning module GraphEditor (122)
[2015.06.04-19.07.11:705][846]LogModuleManager: Shutting down and abandoning module ClassViewer (121)
[2015.06.04-19.07.11:705][846]LogModuleManager: Shutting down and abandoning module Toolbox (120)
[2015.06.04-19.07.11:705][846]LogModuleManager: Shutting down and abandoning module ModuleUI (119)
[2015.06.04-19.07.11:705][846]LogModuleManager: Shutting down and abandoning module MovieSceneTools (118)
[2015.06.04-19.07.11:705][846]LogModuleManager: Shutting down and abandoning module OutputLog (117)
[2015.06.04-19.07.11:705][846]LogModuleManager: Shutting down and abandoning module GammaUI (116)
[2015.06.04-19.07.11:705][846]LogModuleManager: Shutting down and abandoning module Documentation (115)
[2015.06.04-19.07.11:705][846]LogModuleManager: Shutting down and abandoning module GameLiveStreaming (114)
[2015.06.04-19.07.11:705][846]LogModuleManager: Shutting down and abandoning module StreamingPauseRendering (113)
[2015.06.04-19.07.11:705][846]LogModuleManager: Shutting down and abandoning module HTTP (112)
[2015.06.04-19.07.11:705][846]LogModuleManager: Shutting down and abandoning module AnalyticsET (111)
[2015.06.04-19.07.11:705][846]LogModuleManager: Shutting down and abandoning module Analytics (110)
[2015.06.04-19.07.11:705][846]LogModuleManager: Shutting down and abandoning module AITestSuite (109)
[2015.06.04-19.07.11:705][846]LogModuleManager: Shutting down and abandoning module GameplayDebugger (108)
[2015.06.04-19.07.11:705][846]LogModuleManager: Shutting down and abandoning module AIModule (107)
[2015.06.04-19.07.11:705][846]LogModuleManager: Shutting down and abandoning module ProfilerService (106)
[2015.06.04-19.07.11:716][846]LogModuleManager: Shutting down and abandoning module TaskGraph (105)
[2015.06.04-19.07.11:716][846]LogModuleManager: Shutting down and abandoning module SlateRemote (104)
[2015.06.04-19.07.11:716][846]LogModuleManager: Shutting down and abandoning module ScriptEditorPlugin (103)
[2015.06.04-19.07.11:716][846]LogModuleManager: Shutting down and abandoning module CustomMeshComponent (102)
[2015.06.04-19.07.11:716][846]LogModuleManager: Shutting down and abandoning module CableComponent (101)
[2015.06.04-19.07.11:716][846]LogModuleManager: Shutting down and abandoning module MessagingDebugger (100)
[2015.06.04-19.07.11:716][846]LogModuleManager: Shutting down and abandoning module MediaPlayerEditor (99)
[2015.06.04-19.07.11:716][846]LogModuleManager: Shutting down and abandoning module SpeedTreeImporter (98)
[2015.06.04-19.07.11:716][846]LogModuleManager: Shutting down and abandoning module PluginsEditor (97)
[2015.06.04-19.07.11:716][846]LogModuleManager: Shutting down and abandoning module MainFrame (96)
[2015.06.04-19.07.11:716][846]LogModuleManager: Shutting down and abandoning module EpicSurvey (95)
[2015.06.04-19.07.11:716][846]LogModuleManager: Shutting down and abandoning module DesktopPlatform (94)
[2015.06.04-19.07.11:716][846]LogModuleManager: Shutting down and abandoning module DirectoryWatcher (93)
[2015.06.04-19.07.11:716][846]LogModuleManager: Shutting down and abandoning module HotReload (92)
[2015.06.04-19.07.11:716][846]LogModuleManager: Shutting down and abandoning module VisualStudioSourceCodeAccess (91)
[2015.06.04-19.07.11:716][846]LogModuleManager: Shutting down and abandoning module UObjectPlugin (90)
[2015.06.04-19.07.11:716][846]LogModuleManager: Shutting down and abandoning module SubversionSourceControl (89)
[2015.06.04-19.07.11:716][846]LogModuleManager: Shutting down and abandoning module PerforceSourceControl (88)
[2015.06.04-19.07.11:716][846]LogModuleManager: Shutting down and abandoning module SourceControl (87)
[2015.06.04-19.07.11:716][846]LogModuleManager: Shutting down and abandoning module GitSourceControl (86)
[2015.06.04-19.07.11:716][846]LogModuleManager: Shutting down and abandoning module BlankPlugin (85)
[2015.06.04-19.07.11:716][846]LogModuleManager: Shutting down and abandoning module PaperTiledImporter (84)
[2015.06.04-19.07.11:716][846]LogModuleManager: Shutting down and abandoning module PaperJsonImporter (83)
[2015.06.04-19.07.11:716][846]LogModuleManager: Shutting down and abandoning module ContentBrowser (82)
[2015.06.04-19.07.11:717][846]LogModuleManager: Shutting down and abandoning module Paper2DEditor (81)
[2015.06.04-19.07.11:717][846]LogModuleManager: Shutting down and abandoning module ScriptPlugin (80)
[2015.06.04-19.07.11:717][846]LogModuleManager: Shutting down and abandoning module UdpMessaging (79)
[2015.06.04-19.07.11:818][846]LogModuleManager: Shutting down and abandoning module Paper2D (78)
[2015.06.04-19.07.11:818][846]LogModuleManager: Shutting down and abandoning module WindowsMoviePlayer (77)
[2015.06.04-19.07.11:820][846]LogModuleManager: Shutting down and abandoning module Media (76)
[2015.06.04-19.07.11:820][846]LogModuleManager: Shutting down and abandoning module WmfMedia (75)
[2015.06.04-19.07.11:820][846]LogModuleManager: Shutting down and abandoning module OnlineBlueprintSupport (74)
[2015.06.04-19.07.11:820][846]LogModuleManager: Shutting down and abandoning module PropertyEditor (73)
[2015.06.04-19.07.11:820][846]LogModuleManager: Shutting down and abandoning module BehaviorTreeEditor (72)
[2015.06.04-19.07.11:820][846]LogModuleManager: Shutting down and abandoning module FunctionalTesting (71)
[2015.06.04-19.07.11:820][846]LogModuleManager: Shutting down and abandoning module CollisionAnalyzer (70)
[2015.06.04-19.07.11:820][846]LogModuleManager: Shutting down and abandoning module WorkspaceMenuStructure (69)
[2015.06.04-19.07.11:820][846]LogModuleManager: Shutting down and abandoning module MessageLog (68)
[2015.06.04-19.07.11:820][846]LogModuleManager: Shutting down and abandoning module Sequencer (67)
[2015.06.04-19.07.11:820][846]LogModuleManager: Shutting down and abandoning module AssetTools (66)
[2015.06.04-19.07.11:820][846]LogModuleManager: Shutting down and abandoning module UMGEditor (65)
[2015.06.04-19.07.11:820][846]LogModuleManager: Shutting down and abandoning module UMG (64)
[2015.06.04-19.07.11:820][846]LogModuleManager: Shutting down and abandoning module Slate (63)
[2015.06.04-19.07.11:820][846]LogModuleManager: Shutting down and abandoning module EditorStyle (62)
[2015.06.04-19.07.11:823][846]LogModuleManager: Shutting down and abandoning module SessionServices (61)
[2015.06.04-19.07.11:823][846]LogModuleManager: Shutting down and abandoning module SourceCodeAccess (60)
[2015.06.04-19.07.11:823][846]LogModuleManager: Shutting down and abandoning module HeadMountedDisplay (59)
[2015.06.04-19.07.11:823][846]LogModuleManager: Shutting down and abandoning module XAudio2 (58)
[2015.06.04-19.07.11:823][846]LogModuleManager: Shutting down and abandoning module Networking (56)
[2015.06.04-19.07.11:823][846]LogModuleManager: Shutting down and abandoning module Core (55)
[2015.06.04-19.07.11:823][846]LogModuleManager: Shutting down and abandoning module KismetCompiler (54)
[2015.06.04-19.07.11:823][846]LogModuleManager: Shutting down and abandoning module PhysXFormats (53)
[2015.06.04-19.07.11:823][846]LogModuleManager: Shutting down and abandoning module MeshUtilities (52)
[2015.06.04-19.07.11:823][846]LogModuleManager: Shutting down and abandoning module DerivedDataCache (51)
[2015.06.04-19.07.11:950][846]LogDerivedDataCache: Shutdown
[2015.06.04-19.07.11:950][846]LogModuleManager: Shutting down and abandoning module ShaderFormatOpenGL (50)
[2015.06.04-19.07.11:950][846]LogModuleManager: Shutting down and abandoning module ShaderFormatD3D (49)
[2015.06.04-19.07.11:950][846]LogModuleManager: Shutting down and abandoning module MetalShaderFormat (48)
[2015.06.04-19.07.11:950][846]LogModuleManager: Shutting down and abandoning module TextureFormatUncompressed (47)
[2015.06.04-19.07.11:950][846]LogModuleManager: Shutting down and abandoning module TextureFormatPVR (46)
[2015.06.04-19.07.11:950][846]LogModuleManager: Shutting down and abandoning module TextureFormatIntelISPCTexComp (45)
[2015.06.04-19.07.11:950][846]LogModuleManager: Shutting down and abandoning module TextureFormatDXT (44)
[2015.06.04-19.07.11:950][846]LogModuleManager: Shutting down and abandoning module ImageWrapper (43)
[2015.06.04-19.07.11:950][846]LogModuleManager: Shutting down and abandoning module TextureFormatASTC (42)
[2015.06.04-19.07.11:950][846]LogModuleManager: Shutting down and abandoning module TextureFormatAndroid (41)
[2015.06.04-19.07.11:950][846]LogModuleManager: Shutting down and abandoning module AudioFormatOpus (40)
[2015.06.04-19.07.11:950][846]LogModuleManager: Shutting down and abandoning module AudioFormatOgg (39)
[2015.06.04-19.07.11:950][846]LogModuleManager: Shutting down and abandoning module AudioFormatADPCM (38)
[2015.06.04-19.07.11:950][846]LogModuleManager: Shutting down and abandoning module LinuxTargetPlatform (37)
[2015.06.04-19.07.11:950][846]LogModuleManager: Shutting down and abandoning module LinuxServerTargetPlatform (36)
[2015.06.04-19.07.11:950][846]LogModuleManager: Shutting down and abandoning module LinuxNoEditorTargetPlatform (35)
[2015.06.04-19.07.11:950][846]LogModuleManager: Shutting down and abandoning module Messaging (34)
[2015.06.04-19.07.11:950][846]LogModuleManager: Shutting down and abandoning module IOSTargetPlatform (33)
[2015.06.04-19.07.11:950][846]LogModuleManager: Shutting down and abandoning module HTML5TargetPlatform (32)
[2015.06.04-19.07.11:950][846]LogModuleManager: Shutting down and abandoning module Android_PVRTCTargetPlatform (31)
[2015.06.04-19.07.11:950][846]LogModuleManager: Shutting down and abandoning module Android_ETC2TargetPlatform (30)
[2015.06.04-19.07.11:950][846]LogModuleManager: Shutting down and abandoning module Android_ETC1TargetPlatform (29)
[2015.06.04-19.07.11:950][846]LogModuleManager: Shutting down and abandoning module Android_ES31TargetPlatform (28)
[2015.06.04-19.07.11:950][846]LogModuleManager: Shutting down and abandoning module Android_DXTTargetPlatform (27)
[2015.06.04-19.07.11:950][846]LogModuleManager: Shutting down and abandoning module Android_ATCTargetPlatform (26)
[2015.06.04-19.07.11:950][846]LogModuleManager: Shutting down and abandoning module AndroidTargetPlatform (25)
[2015.06.04-19.07.11:950][846]LogModuleManager: Shutting down and abandoning module WindowsTargetPlatform (24)
[2015.06.04-19.07.11:951][846]LogModuleManager: Shutting down and abandoning module WindowsServerTargetPlatform (23)
[2015.06.04-19.07.11:951][846]LogModuleManager: Shutting down and abandoning module WindowsNoEditorTargetPlatform (22)
[2015.06.04-19.07.11:951][846]LogModuleManager: Shutting down and abandoning module WindowsClientTargetPlatform (21)
[2015.06.04-19.07.11:951][846]LogModuleManager: Shutting down and abandoning module TargetPlatform (20)
[2015.06.04-19.07.11:951][846]LogModuleManager: Shutting down and abandoning module InputCore (19)
[2015.06.04-19.07.11:951][846]LogModuleManager: Shutting down and abandoning module Settings (18)
[2015.06.04-19.07.11:951][846]LogModuleManager: Shutting down and abandoning module OnlineSubsystem (16)
[2015.06.04-19.07.11:951][846]LogModuleManager: Shutting down and abandoning module OculusRift (15)
[2015.06.04-19.07.11:951][846]LogModuleManager: Shutting down and abandoning module ExampleDeviceProfileSelector (14)
[2015.06.04-19.07.11:951][846]LogModuleManager: Shutting down and abandoning module TextureCompressor (13)
[2015.06.04-19.07.11:951][846]LogModuleManager: Shutting down and abandoning module ShaderCore (12)
[2015.06.04-19.07.11:951][846]LogModuleManager: Shutting down and abandoning module Landscape (11)
[2015.06.04-19.07.11:951][846]LogModuleManager: Shutting down and abandoning module SlateRHIRenderer (10)
[2015.06.04-19.07.11:951][846]LogModuleManager: Shutting down and abandoning module OpenGLDrv (9)
[2015.06.04-19.07.11:951][846]LogModuleManager: Shutting down and abandoning module D3D11RHI (8)
[2015.06.04-19.07.11:951][846]LogModuleManager: Shutting down and abandoning module Renderer (7)
[2015.06.04-19.07.11:951][846]LogModuleManager: Shutting down and abandoning module Engine (6)
[2015.06.04-19.07.11:951][846]LogModuleManager: Shutting down and abandoning module CoreUObject (5)
[2015.06.04-19.07.11:951][846]LogModuleManager: Shutting down and abandoning module NetworkFile (4)
[2015.06.04-19.07.11:951][846]LogModuleManager: Shutting down and abandoning module StreamingFile (3)
[2015.06.04-19.07.11:952][846]LogModuleManager: Shutting down and abandoning module SandboxFile (2)
[2015.06.04-19.07.11:952][846]LogModuleManager: Shutting down and abandoning module PakFile (1)
[2015.06.04-19.07.11:952][846]LogExit: Exiting.
[2015.06.04-19.07.11:991][846]Log file closed, 06/04/15 21:07:11
